<?xml version="1.0" encoding="utf-8"?><testsuites><testsuite name="pytest" errors="0" failures="0" skipped="0" tests="40" time="1.393" timestamp="2025-12-05T14:08:35.832095+09:00" hostname="bagminsuui-MacBookAir.local"><testcase classname="tests.unit.test_answer_analyzer.TestAnswerAnalyzer" name="test_analyze_answer_success" time="0.049" /><testcase classname="tests.unit.test_answer_analyzer.TestAnswerAnalyzer" name="test_parse_response_json_clean" time="0.023" /><testcase classname="tests.unit.test_answer_analyzer.TestAnswerAnalyzer" name="test_parse_response_with_json_embedded" time="0.016" /><testcase classname="tests.unit.test_answer_analyzer.TestAnswerAnalyzer" name="test_build_prompt" time="0.017" /><testcase classname="tests.unit.test_answer_analyzer.TestAnswerAnalyzer" name="test_json_parse_failure_handling" time="0.017" /><testcase classname="tests.unit.test_answer_analyzer.TestAnswerAnalyzerEdgeCases" name="test_analyze_with_empty_categories" time="0.018" /><testcase classname="tests.unit.test_answer_analyzer.TestAnswerAnalyzerEdgeCases" name="test_analyze_with_missing_scores" time="0.019" /><testcase classname="tests.unit.test_models.TestQuestionModels" name="test_question_generate_request_valid" time="0.000" /><testcase classname="tests.unit.test_models.TestQuestionModels" name="test_question_generate_request_camel_case_alias" time="0.001" /><testcase classname="tests.unit.test_models.TestQuestionModels" name="test_question_generate_request_defaults" time="0.000" /><testcase classname="tests.unit.test_models.TestQuestionModels" name="test_question_instance_response_camel_case" time="0.000" /><testcase classname="tests.unit.test_models.TestAnswerModels" name="test_answer_analysis_request_valid" time="0.000" /><testcase classname="tests.unit.test_models.TestAnswerModels" name="test_answer_analysis_request_missing_required" time="0.000" /><testcase classname="tests.unit.test_models.TestAnswerModels" name="test_answer_analysis_response_structure" time="0.000" /><testcase classname="tests.unit.test_prompt_builder.TestPromptBuilder" name="test_build_prompt_basic" time="0.016" /><testcase classname="tests.unit.test_prompt_builder.TestPromptBuilder" name="test_build_prompt_with_rag_context" time="0.016" /><testcase classname="tests.unit.test_prompt_builder.TestPromptBuilder" name="test_build_prompt_without_rag" time="0.016" /><testcase classname="tests.unit.test_prompt_builder.TestPromptBuilder" name="test_build_prompt_with_empty_category" time="0.015" /><testcase classname="tests.unit.test_prompt_builder.TestPromptBuilder" name="test_build_prompt_with_long_rag_context" time="0.016" /><testcase classname="tests.unit.test_prompt_builder.TestPromptBuilder" name="test_build_rag_context_helper" time="0.017" /><testcase classname="tests.unit.test_prompt_builder.TestPromptBuilder" name="test_build_rag_context_empty" time="0.016" /><testcase classname="tests.unit.test_prompt_builder.TestPromptBuilder" name="test_build_generation_rules_helper" time="0.015" /><testcase classname="tests.unit.test_prompt_builder.TestResponseParser" name="test_parse_response_clean" time="0.015" /><testcase classname="tests.unit.test_prompt_builder.TestResponseParser" name="test_parse_response_with_prefix_korean" time="0.016" /><testcase classname="tests.unit.test_prompt_builder.TestResponseParser" name="test_parse_response_with_prefix_english" time="0.016" /><testcase classname="tests.unit.test_prompt_builder.TestResponseParser" name="test_parse_response_with_answer_prefix" time="0.021" /><testcase classname="tests.unit.test_prompt_builder.TestResponseParser" name="test_parse_response_with_quotes" time="0.015" /><testcase classname="tests.unit.test_prompt_builder.TestResponseParser" name="test_parse_response_multiline" time="0.015" /><testcase classname="tests.unit.test_prompt_builder.TestResponseParser" name="test_parse_response_with_whitespace" time="0.016" /><testcase classname="tests.unit.test_prompt_builder.TestResponseParser" name="test_parse_response_complex" time="0.019" /><testcase classname="tests.unit.test_prompt_builder.TestGenerationEvaluation" name="test_evaluate_generation_basic" time="0.016" /><testcase classname="tests.unit.test_prompt_builder.TestGenerationEvaluation" name="test_evaluate_generation_without_question_mark" time="0.018" /><testcase classname="tests.unit.test_prompt_builder.TestGenerationEvaluation" name="test_evaluate_generation_too_long" time="0.016" /><testcase classname="tests.unit.test_vector_service.TestVectorService" name="test_store_answer_success" time="0.002" /><testcase classname="tests.unit.test_vector_service.TestVectorService" name="test_store_answer_with_optional_metadata" time="0.001" /><testcase classname="tests.unit.test_vector_service.TestVectorService" name="test_search_similar_answers_success" time="0.002" /><testcase classname="tests.unit.test_vector_service.TestVectorService" name="test_search_with_category_filter" time="0.001" /><testcase classname="tests.unit.test_vector_service.TestVectorService" name="test_collection_count" time="0.001" /><testcase classname="tests.unit.test_vector_service.TestVectorServiceEdgeCases" name="test_search_with_no_results" time="0.002" /><testcase classname="tests.unit.test_vector_service.TestVectorServiceEdgeCases" name="test_store_answer_without_optional_fields" time="0.002" /></testsuite></testsuites>